<?xml version="1.0" encoding="UTF-8"?>
<testsuite name="Surefire test"
           tests="2"
           failures="0"
           errors="0"
           skipped="0"
           time="9.134">
    <properties></properties>



            <testcase
                name="selectProfile"
                time="0.000"
                classname="SignInTest">
            </testcase>
            <testcase
                name="huluWelcomePage"
                time="9.134"
                classname="SignInTest">
            </testcase>
</testsuite>
