<?xml version="1.0" encoding="UTF-8"?>
<testsuite name="Surefire test"
           tests="4"
           failures="0"
           errors="0"
           skipped="0"
           time="55.660">
    <properties></properties>



            <testcase
                name="playPauseVideo"
                time="21.959"
                classname="VideoPlayerTest">
            </testcase>
            <testcase
                name="screenSizeOptions"
                time="11.169"
                classname="VideoPlayerTest">
            </testcase>
            <testcase
                name="volumeSlider"
                time="2.280"
                classname="VideoPlayerTest">
            </testcase>
            <testcase
                name="videoSettings"
                time="20.252"
                classname="VideoPlayerTest">
            </testcase>
</testsuite>
